<?xml version="1.0" encoding="UTF-8"?>
<!-- Generated by org.testng.reporters.JUnitXMLReporter -->
<testsuite hostname="Saif" ignored="0" name="Default test" tests="3" failures="0" timestamp="31 Aug 2018 08:26:43 GMT" time="83.907" errors="0">
  <testcase name="loginPageTitleTest" time="0.03" classname="com.pom.testcases.LoginPageTest"/>
  <testcase name="expediaLogoImageTest" time="0.26" classname="com.pom.testcases.LoginPageTest"/>
  <testcase name="loginTest" time="7.438" classname="com.pom.testcases.LoginPageTest"/>
</testsuite> <!-- Default test -->
