<?xml version="1.0" encoding="UTF-8"?>
<testng-results skipped="0" failed="0" ignored="0" total="3" passed="3">
  <reporter-output>
  </reporter-output>
  <suite name="Default suite" duration-ms="83907" started-at="2018-08-31T08:25:19Z" finished-at="2018-08-31T08:26:43Z">
    <groups>
    </groups>
    <test name="Default test" duration-ms="83907" started-at="2018-08-31T08:25:19Z" finished-at="2018-08-31T08:26:43Z">
      <class name="com.pom.testcases.LoginPageTest">
        <test-method status="PASS" signature="setUp()[pri:0, instance:com.pom.testcases.LoginPageTest@31ef45e3]" name="setUp" is-config="true" duration-ms="30540" started-at="2018-08-31T08:25:19Z" finished-at="2018-08-31T08:25:49Z">
          <reporter-output>
          </reporter-output>
        </test-method> <!-- setUp -->
        <test-method status="PASS" signature="loginPageTitleTest()[pri:1, instance:com.pom.testcases.LoginPageTest@31ef45e3]" name="loginPageTitleTest" duration-ms="30" started-at="2018-08-31T08:25:49Z" finished-at="2018-08-31T08:25:49Z">
          <reporter-output>
          </reporter-output>
        </test-method> <!-- loginPageTitleTest -->
        <test-method status="PASS" signature="tearDown()[pri:0, instance:com.pom.testcases.LoginPageTest@31ef45e3]" name="tearDown" is-config="true" duration-ms="725" started-at="2018-08-31T08:25:49Z" finished-at="2018-08-31T08:25:50Z">
          <reporter-output>
          </reporter-output>
        </test-method> <!-- tearDown -->
        <test-method status="PASS" signature="setUp()[pri:0, instance:com.pom.testcases.LoginPageTest@31ef45e3]" name="setUp" is-config="true" duration-ms="22069" started-at="2018-08-31T08:25:50Z" finished-at="2018-08-31T08:26:12Z">
          <reporter-output>
          </reporter-output>
        </test-method> <!-- setUp -->
        <test-method status="PASS" signature="expediaLogoImageTest()[pri:2, instance:com.pom.testcases.LoginPageTest@31ef45e3]" name="expediaLogoImageTest" duration-ms="260" started-at="2018-08-31T08:26:12Z" finished-at="2018-08-31T08:26:12Z">
          <reporter-output>
          </reporter-output>
        </test-method> <!-- expediaLogoImageTest -->
        <test-method status="PASS" signature="tearDown()[pri:0, instance:com.pom.testcases.LoginPageTest@31ef45e3]" name="tearDown" is-config="true" duration-ms="657" started-at="2018-08-31T08:26:12Z" finished-at="2018-08-31T08:26:13Z">
          <reporter-output>
          </reporter-output>
        </test-method> <!-- tearDown -->
        <test-method status="PASS" signature="setUp()[pri:0, instance:com.pom.testcases.LoginPageTest@31ef45e3]" name="setUp" is-config="true" duration-ms="21598" started-at="2018-08-31T08:26:13Z" finished-at="2018-08-31T08:26:35Z">
          <reporter-output>
          </reporter-output>
        </test-method> <!-- setUp -->
        <test-method status="PASS" signature="loginTest()[pri:3, instance:com.pom.testcases.LoginPageTest@31ef45e3]" name="loginTest" duration-ms="7438" started-at="2018-08-31T08:26:35Z" finished-at="2018-08-31T08:26:42Z">
          <reporter-output>
          </reporter-output>
        </test-method> <!-- loginTest -->
        <test-method status="PASS" signature="tearDown()[pri:0, instance:com.pom.testcases.LoginPageTest@31ef45e3]" name="tearDown" is-config="true" duration-ms="561" started-at="2018-08-31T08:26:42Z" finished-at="2018-08-31T08:26:43Z">
          <reporter-output>
          </reporter-output>
        </test-method> <!-- tearDown -->
      </class> <!-- com.pom.testcases.LoginPageTest -->
    </test> <!-- Default test -->
  </suite> <!-- Default suite -->
</testng-results>
